[12/05/25 16:17:19] crowsnest: crowsnest - A webcam Service for multiple Cams and Stream Services.
[12/05/25 16:17:19] crowsnest: Version: v4.1.12-1-g9623b5f
[12/05/25 16:17:19] crowsnest: Prepare Startup ...
[12/05/25 16:17:19] crowsnest: INFO: Host information:
[12/05/25 16:17:19] crowsnest: Host Info: Distribution: Armbian-unofficial 24.2.0-trunk bookworm
Armbian-unofficial 24.2.0-trunk bookworm
[12/05/25 16:17:19] crowsnest: Host Info: Kernel: Linux 6.1.67-current-rockchip64 aarch64
[12/05/25 16:17:19] crowsnest: Host Info: Available CPU Cores: 4
[12/05/25 16:17:19] crowsnest: Host Info: Available Memory: 999936 kB
[12/05/25 16:17:19] crowsnest: Host Info: Diskspace (avail. / total): 22G / 28G
[12/05/25 16:17:19] crowsnest: INFO: Checking Dependencies
[12/05/25 16:17:19] crowsnest: Dependency: 'crudini' found in /usr/bin/crudini.
[12/05/25 16:17:19] crowsnest: Dependency: 'find' found in /usr/bin/find.
[12/05/25 16:17:19] crowsnest: Dependency: 'xargs' found in /usr/bin/xargs.
[12/05/25 16:17:19] crowsnest: Dependency: 'ustreamer' found in bin/ustreamer/src/ustreamer.bin.
[12/05/25 16:17:19] crowsnest: Version Control: ustreamer new version available: 8175681 (v5.45).
[12/05/25 16:17:19] crowsnest: INFO: Print Configfile: '/home/mks/printer_data/config/crowsnest.conf'
[12/05/25 16:17:19] crowsnest:		[crowsnest]
[12/05/25 16:17:19] crowsnest:		log_path: ~/printer_data/logs/crowsnest.log
[12/05/25 16:17:19] crowsnest:		log_level: verbose
[12/05/25 16:17:19] crowsnest:		delete_log: false
[12/05/25 16:17:19] crowsnest:		
[12/05/25 16:17:19] crowsnest:		[cam 1]
[12/05/25 16:17:19] crowsnest:		mode: ustreamer
[12/05/25 16:17:19] crowsnest:		
[12/05/25 16:17:19] crowsnest:		enable_rtsp: false
[12/05/25 16:17:19] crowsnest:		rtsp_port: 8554
[12/05/25 16:17:19] crowsnest:		port: 8080
[12/05/25 16:17:19] crowsnest:		device: /dev/video3
[12/05/25 16:17:19] crowsnest:		resolution: 1280x960
[12/05/25 16:17:19] crowsnest:		max_fps: 30
[12/05/25 16:17:20] crowsnest: INFO: Detect available Devices
[12/05/25 16:17:20] crowsnest: INFO: Found 1 total available Device(s)
[12/05/25 16:17:20] crowsnest: INFO: Found 1 available v4l2 (UVC) camera(s)
[12/05/25 16:17:20] crowsnest: /dev/v4l/by-id/usb-046d_C270_HD_WEBCAM_200901010001-video-index0 -> /dev/video3
[12/05/25 16:17:20] crowsnest: Supported Formats:
[12/05/25 16:17:20] crowsnest:		[0]: 'YUYV' (YUYV 4:2:2)
[12/05/25 16:17:20] crowsnest:		Size: Discrete 640x480
[12/05/25 16:17:20] crowsnest:		Interval: Discrete 0.033s (30.000 fps)
[12/05/25 16:17:20] crowsnest:		Interval: Discrete 0.040s (25.000 fps)
[12/05/25 16:17:20] crowsnest:		Interval: Discrete 0.050s (20.000 fps)
[12/05/25 16:17:20] crowsnest:		Interval: Discrete 0.067s (15.000 fps)
[12/05/25 16:17:20] crowsnest:		Interval: Discrete 0.100s (10.000 fps)
[12/05/25 16:17:20] crowsnest:		Interval: Discrete 0.200s (5.000 fps)
[12/05/25 16:17:20] crowsnest:		Size: Discrete 160x120
[12/05/25 16:17:20] crowsnest:		Interval: Discrete 0.033s (30.000 fps)
[12/05/25 16:17:20] crowsnest:		Interval: Discrete 0.040s (25.000 fps)
[12/05/25 16:17:20] crowsnest:		Interval: Discrete 0.050s (20.000 fps)
[12/05/25 16:17:20] crowsnest:		Interval: Discrete 0.067s (15.000 fps)
[12/05/25 16:17:20] crowsnest:		Interval: Discrete 0.100s (10.000 fps)
[12/05/25 16:17:20] crowsnest:		Interval: Discrete 0.200s (5.000 fps)
[12/05/25 16:17:20] crowsnest:		Size: Discrete 176x144
[12/05/25 16:17:20] crowsnest:		Interval: Discrete 0.033s (30.000 fps)
[12/05/25 16:17:20] crowsnest:		Interval: Discrete 0.040s (25.000 fps)
[12/05/25 16:17:20] crowsnest:		Interval: Discrete 0.050s (20.000 fps)
[12/05/25 16:17:20] crowsnest:		Interval: Discrete 0.067s (15.000 fps)
[12/05/25 16:17:20] crowsnest:		Interval: Discrete 0.100s (10.000 fps)
[12/05/25 16:17:20] crowsnest:		Interval: Discrete 0.200s (5.000 fps)
[12/05/25 16:17:20] crowsnest:		Size: Discrete 320x176
[12/05/25 16:17:20] crowsnest:		Interval: Discrete 0.033s (30.000 fps)
[12/05/25 16:17:20] crowsnest:		Interval: Discrete 0.040s (25.000 fps)
[12/05/25 16:17:20] crowsnest:		Interval: Discrete 0.050s (20.000 fps)
[12/05/25 16:17:20] crowsnest:		Interval: Discrete 0.067s (15.000 fps)
[12/05/25 16:17:20] crowsnest:		Interval: Discrete 0.100s (10.000 fps)
[12/05/25 16:17:20] crowsnest:		Interval: Discrete 0.200s (5.000 fps)
[12/05/25 16:17:20] crowsnest:		Size: Discrete 320x240
[12/05/25 16:17:20] crowsnest:		Interval: Discrete 0.033s (30.000 fps)
[12/05/25 16:17:20] crowsnest:		Interval: Discrete 0.040s (25.000 fps)
[12/05/25 16:17:20] crowsnest:		Interval: Discrete 0.050s (20.000 fps)
[12/05/25 16:17:20] crowsnest:		Interval: Discrete 0.067s (15.000 fps)
[12/05/25 16:17:20] crowsnest:		Interval: Discrete 0.100s (10.000 fps)
[12/05/25 16:17:20] crowsnest:		Interval: Discrete 0.200s (5.000 fps)
[12/05/25 16:17:20] crowsnest:		Size: Discrete 352x288
[12/05/25 16:17:20] crowsnest:		Interval: Discrete 0.033s (30.000 fps)
[12/05/25 16:17:20] crowsnest:		Interval: Discrete 0.040s (25.000 fps)
[12/05/25 16:17:20] crowsnest:		Interval: Discrete 0.050s (20.000 fps)
[12/05/25 16:17:20] crowsnest:		Interval: Discrete 0.067s (15.000 fps)
[12/05/25 16:17:20] crowsnest:		Interval: Discrete 0.100s (10.000 fps)
[12/05/25 16:17:20] crowsnest:		Interval: Discrete 0.200s (5.000 fps)
[12/05/25 16:17:20] crowsnest:		Size: Discrete 432x240
[12/05/25 16:17:20] crowsnest:		Interval: Discrete 0.033s (30.000 fps)
[12/05/25 16:17:20] crowsnest:		Interval: Discrete 0.040s (25.000 fps)
[12/05/25 16:17:20] crowsnest:		Interval: Discrete 0.050s (20.000 fps)
[12/05/25 16:17:20] crowsnest:		Interval: Discrete 0.067s (15.000 fps)
[12/05/25 16:17:20] crowsnest:		Interval: Discrete 0.100s (10.000 fps)
[12/05/25 16:17:20] crowsnest:		Interval: Discrete 0.200s (5.000 fps)
[12/05/25 16:17:20] crowsnest:		Size: Discrete 544x288
[12/05/25 16:17:20] crowsnest:		Interval: Discrete 0.033s (30.000 fps)
[12/05/25 16:17:20] crowsnest:		Interval: Discrete 0.040s (25.000 fps)
[12/05/25 16:17:20] crowsnest:		Interval: Discrete 0.050s (20.000 fps)
[12/05/25 16:17:20] crowsnest:		Interval: Discrete 0.067s (15.000 fps)
[12/05/25 16:17:20] crowsnest:		Interval: Discrete 0.100s (10.000 fps)
[12/05/25 16:17:20] crowsnest:		Interval: Discrete 0.200s (5.000 fps)
[12/05/25 16:17:20] crowsnest:		Size: Discrete 640x360
[12/05/25 16:17:20] crowsnest:		Interval: Discrete 0.033s (30.000 fps)
[12/05/25 16:17:20] crowsnest:		Interval: Discrete 0.040s (25.000 fps)
[12/05/25 16:17:20] crowsnest:		Interval: Discrete 0.050s (20.000 fps)
[12/05/25 16:17:20] crowsnest:		Interval: Discrete 0.067s (15.000 fps)
[12/05/25 16:17:20] crowsnest:		Interval: Discrete 0.100s (10.000 fps)
[12/05/25 16:17:20] crowsnest:		Interval: Discrete 0.200s (5.000 fps)
[12/05/25 16:17:20] crowsnest:		Size: Discrete 752x416
[12/05/25 16:17:20] crowsnest:		Interval: Discrete 0.040s (25.000 fps)
[12/05/25 16:17:20] crowsnest:		Interval: Discrete 0.050s (20.000 fps)
[12/05/25 16:17:20] crowsnest:		Interval: Discrete 0.067s (15.000 fps)
[12/05/25 16:17:20] crowsnest:		Interval: Discrete 0.100s (10.000 fps)
[12/05/25 16:17:20] crowsnest:		Interval: Discrete 0.200s (5.000 fps)
[12/05/25 16:17:20] crowsnest:		Size: Discrete 800x448
[12/05/25 16:17:20] crowsnest:		Interval: Discrete 0.050s (20.000 fps)
[12/05/25 16:17:20] crowsnest:		Interval: Discrete 0.067s (15.000 fps)
[12/05/25 16:17:20] crowsnest:		Interval: Discrete 0.100s (10.000 fps)
[12/05/25 16:17:20] crowsnest:		Interval: Discrete 0.200s (5.000 fps)
[12/05/25 16:17:20] crowsnest:		Size: Discrete 800x600
[12/05/25 16:17:20] crowsnest:		Interval: Discrete 0.050s (20.000 fps)
[12/05/25 16:17:20] crowsnest:		Interval: Discrete 0.067s (15.000 fps)
[12/05/25 16:17:20] crowsnest:		Interval: Discrete 0.100s (10.000 fps)
[12/05/25 16:17:20] crowsnest:		Interval: Discrete 0.200s (5.000 fps)
[12/05/25 16:17:20] crowsnest:		Size: Discrete 864x480
[12/05/25 16:17:20] crowsnest:		Interval: Discrete 0.050s (20.000 fps)
[12/05/25 16:17:20] crowsnest:		Interval: Discrete 0.067s (15.000 fps)
[12/05/25 16:17:20] crowsnest:		Interval: Discrete 0.100s (10.000 fps)
[12/05/25 16:17:20] crowsnest:		Interval: Discrete 0.200s (5.000 fps)
[12/05/25 16:17:20] crowsnest:		Size: Discrete 960x544
[12/05/25 16:17:20] crowsnest:		Interval: Discrete 0.067s (15.000 fps)
[12/05/25 16:17:20] crowsnest:		Interval: Discrete 0.100s (10.000 fps)
[12/05/25 16:17:20] crowsnest:		Interval: Discrete 0.200s (5.000 fps)
[12/05/25 16:17:20] crowsnest:		Size: Discrete 960x720
[12/05/25 16:17:20] crowsnest:		Interval: Discrete 0.100s (10.000 fps)
[12/05/25 16:17:20] crowsnest:		Interval: Discrete 0.200s (5.000 fps)
[12/05/25 16:17:20] crowsnest:		Size: Discrete 1024x576
[12/05/25 16:17:20] crowsnest:		Interval: Discrete 0.100s (10.000 fps)
[12/05/25 16:17:20] crowsnest:		Interval: Discrete 0.200s (5.000 fps)
[12/05/25 16:17:20] crowsnest:		Size: Discrete 1184x656
[12/05/25 16:17:20] crowsnest:		Interval: Discrete 0.100s (10.000 fps)
[12/05/25 16:17:20] crowsnest:		Interval: Discrete 0.200s (5.000 fps)
[12/05/25 16:17:20] crowsnest:		Size: Discrete 1280x720
[12/05/25 16:17:20] crowsnest:		Interval: Discrete 0.133s (7.500 fps)
[12/05/25 16:17:20] crowsnest:		Interval: Discrete 0.200s (5.000 fps)
[12/05/25 16:17:20] crowsnest:		Size: Discrete 1280x960
[12/05/25 16:17:20] crowsnest:		Interval: Discrete 0.133s (7.500 fps)
[12/05/25 16:17:20] crowsnest:		Interval: Discrete 0.200s (5.000 fps)
[12/05/25 16:17:20] crowsnest:		[1]: 'MJPG' (Motion-JPEG, compressed)
[12/05/25 16:17:20] crowsnest:		Size: Discrete 640x480
[12/05/25 16:17:20] crowsnest:		Interval: Discrete 0.033s (30.000 fps)
[12/05/25 16:17:20] crowsnest:		Interval: Discrete 0.040s (25.000 fps)
[12/05/25 16:17:20] crowsnest:		Interval: Discrete 0.050s (20.000 fps)
[12/05/25 16:17:20] crowsnest:		Interval: Discrete 0.067s (15.000 fps)
[12/05/25 16:17:20] crowsnest:		Interval: Discrete 0.100s (10.000 fps)
[12/05/25 16:17:20] crowsnest:		Interval: Discrete 0.200s (5.000 fps)
[12/05/25 16:17:20] crowsnest:		Size: Discrete 160x120
[12/05/25 16:17:20] crowsnest:		Interval: Discrete 0.033s (30.000 fps)
[12/05/25 16:17:20] crowsnest:		Interval: Discrete 0.040s (25.000 fps)
[12/05/25 16:17:20] crowsnest:		Interval: Discrete 0.050s (20.000 fps)
[12/05/25 16:17:20] crowsnest:		Interval: Discrete 0.067s (15.000 fps)
[12/05/25 16:17:20] crowsnest:		Interval: Discrete 0.100s (10.000 fps)
[12/05/25 16:17:20] crowsnest:		Interval: Discrete 0.200s (5.000 fps)
[12/05/25 16:17:20] crowsnest:		Size: Discrete 176x144
[12/05/25 16:17:20] crowsnest:		Interval: Discrete 0.033s (30.000 fps)
[12/05/25 16:17:20] crowsnest:		Interval: Discrete 0.040s (25.000 fps)
[12/05/25 16:17:20] crowsnest:		Interval: Discrete 0.050s (20.000 fps)
[12/05/25 16:17:20] crowsnest:		Interval: Discrete 0.067s (15.000 fps)
[12/05/25 16:17:20] crowsnest:		Interval: Discrete 0.100s (10.000 fps)
[12/05/25 16:17:20] crowsnest:		Interval: Discrete 0.200s (5.000 fps)
[12/05/25 16:17:20] crowsnest:		Size: Discrete 320x176
[12/05/25 16:17:20] crowsnest:		Interval: Discrete 0.033s (30.000 fps)
[12/05/25 16:17:20] crowsnest:		Interval: Discrete 0.040s (25.000 fps)
[12/05/25 16:17:20] crowsnest:		Interval: Discrete 0.050s (20.000 fps)
[12/05/25 16:17:20] crowsnest:		Interval: Discrete 0.067s (15.000 fps)
[12/05/25 16:17:20] crowsnest:		Interval: Discrete 0.100s (10.000 fps)
[12/05/25 16:17:20] crowsnest:		Interval: Discrete 0.200s (5.000 fps)
[12/05/25 16:17:20] crowsnest:		Size: Discrete 320x240
[12/05/25 16:17:20] crowsnest:		Interval: Discrete 0.033s (30.000 fps)
[12/05/25 16:17:20] crowsnest:		Interval: Discrete 0.040s (25.000 fps)
[12/05/25 16:17:20] crowsnest:		Interval: Discrete 0.050s (20.000 fps)
[12/05/25 16:17:20] crowsnest:		Interval: Discrete 0.067s (15.000 fps)
[12/05/25 16:17:20] crowsnest:		Interval: Discrete 0.100s (10.000 fps)
[12/05/25 16:17:20] crowsnest:		Interval: Discrete 0.200s (5.000 fps)
[12/05/25 16:17:20] crowsnest:		Size: Discrete 352x288
[12/05/25 16:17:20] crowsnest:		Interval: Discrete 0.033s (30.000 fps)
[12/05/25 16:17:20] crowsnest:		Interval: Discrete 0.040s (25.000 fps)
[12/05/25 16:17:20] crowsnest:		Interval: Discrete 0.050s (20.000 fps)
[12/05/25 16:17:20] crowsnest:		Interval: Discrete 0.067s (15.000 fps)
[12/05/25 16:17:20] crowsnest:		Interval: Discrete 0.100s (10.000 fps)
[12/05/25 16:17:20] crowsnest:		Interval: Discrete 0.200s (5.000 fps)
[12/05/25 16:17:20] crowsnest:		Size: Discrete 432x240
[12/05/25 16:17:20] crowsnest:		Interval: Discrete 0.033s (30.000 fps)
[12/05/25 16:17:20] crowsnest:		Interval: Discrete 0.040s (25.000 fps)
[12/05/25 16:17:20] crowsnest:		Interval: Discrete 0.050s (20.000 fps)
[12/05/25 16:17:20] crowsnest:		Interval: Discrete 0.067s (15.000 fps)
[12/05/25 16:17:20] crowsnest:		Interval: Discrete 0.100s (10.000 fps)
[12/05/25 16:17:20] crowsnest:		Interval: Discrete 0.200s (5.000 fps)
[12/05/25 16:17:20] crowsnest:		Size: Discrete 544x288
[12/05/25 16:17:20] crowsnest:		Interval: Discrete 0.033s (30.000 fps)
[12/05/25 16:17:20] crowsnest:		Interval: Discrete 0.040s (25.000 fps)
[12/05/25 16:17:20] crowsnest:		Interval: Discrete 0.050s (20.000 fps)
[12/05/25 16:17:20] crowsnest:		Interval: Discrete 0.067s (15.000 fps)
[12/05/25 16:17:20] crowsnest:		Interval: Discrete 0.100s (10.000 fps)
[12/05/25 16:17:20] crowsnest:		Interval: Discrete 0.200s (5.000 fps)
[12/05/25 16:17:20] crowsnest:		Size: Discrete 640x360
[12/05/25 16:17:20] crowsnest:		Interval: Discrete 0.033s (30.000 fps)
[12/05/25 16:17:20] crowsnest:		Interval: Discrete 0.040s (25.000 fps)
[12/05/25 16:17:20] crowsnest:		Interval: Discrete 0.050s (20.000 fps)
[12/05/25 16:17:20] crowsnest:		Interval: Discrete 0.067s (15.000 fps)
[12/05/25 16:17:20] crowsnest:		Interval: Discrete 0.100s (10.000 fps)
[12/05/25 16:17:20] crowsnest:		Interval: Discrete 0.200s (5.000 fps)
[12/05/25 16:17:20] crowsnest:		Size: Discrete 752x416
[12/05/25 16:17:20] crowsnest:		Interval: Discrete 0.033s (30.000 fps)
[12/05/25 16:17:20] crowsnest:		Interval: Discrete 0.040s (25.000 fps)
[12/05/25 16:17:20] crowsnest:		Interval: Discrete 0.050s (20.000 fps)
[12/05/25 16:17:20] crowsnest:		Interval: Discrete 0.067s (15.000 fps)
[12/05/25 16:17:20] crowsnest:		Interval: Discrete 0.100s (10.000 fps)
[12/05/25 16:17:20] crowsnest:		Interval: Discrete 0.200s (5.000 fps)
[12/05/25 16:17:20] crowsnest:		Size: Discrete 800x448
[12/05/25 16:17:20] crowsnest:		Interval: Discrete 0.033s (30.000 fps)
[12/05/25 16:17:20] crowsnest:		Interval: Discrete 0.040s (25.000 fps)
[12/05/25 16:17:20] crowsnest:		Interval: Discrete 0.050s (20.000 fps)
[12/05/25 16:17:20] crowsnest:		Interval: Discrete 0.067s (15.000 fps)
[12/05/25 16:17:20] crowsnest:		Interval: Discrete 0.100s (10.000 fps)
[12/05/25 16:17:20] crowsnest:		Interval: Discrete 0.200s (5.000 fps)
[12/05/25 16:17:20] crowsnest:		Size: Discrete 800x600
[12/05/25 16:17:20] crowsnest:		Interval: Discrete 0.033s (30.000 fps)
[12/05/25 16:17:20] crowsnest:		Interval: Discrete 0.040s (25.000 fps)
[12/05/25 16:17:20] crowsnest:		Interval: Discrete 0.050s (20.000 fps)
[12/05/25 16:17:20] crowsnest:		Interval: Discrete 0.067s (15.000 fps)
[12/05/25 16:17:20] crowsnest:		Interval: Discrete 0.100s (10.000 fps)
[12/05/25 16:17:20] crowsnest:		Interval: Discrete 0.200s (5.000 fps)
[12/05/25 16:17:20] crowsnest:		Size: Discrete 864x480
[12/05/25 16:17:20] crowsnest:		Interval: Discrete 0.033s (30.000 fps)
[12/05/25 16:17:20] crowsnest:		Interval: Discrete 0.040s (25.000 fps)
[12/05/25 16:17:20] crowsnest:		Interval: Discrete 0.050s (20.000 fps)
[12/05/25 16:17:20] crowsnest:		Interval: Discrete 0.067s (15.000 fps)
[12/05/25 16:17:20] crowsnest:		Interval: Discrete 0.100s (10.000 fps)
[12/05/25 16:17:20] crowsnest:		Interval: Discrete 0.200s (5.000 fps)
[12/05/25 16:17:20] crowsnest:		Size: Discrete 960x544
[12/05/25 16:17:20] crowsnest:		Interval: Discrete 0.033s (30.000 fps)
[12/05/25 16:17:20] crowsnest:		Interval: Discrete 0.040s (25.000 fps)
[12/05/25 16:17:20] crowsnest:		Interval: Discrete 0.050s (20.000 fps)
[12/05/25 16:17:20] crowsnest:		Interval: Discrete 0.067s (15.000 fps)
[12/05/25 16:17:20] crowsnest:		Interval: Discrete 0.100s (10.000 fps)
[12/05/25 16:17:20] crowsnest:		Interval: Discrete 0.200s (5.000 fps)
[12/05/25 16:17:20] crowsnest:		Size: Discrete 960x720
[12/05/25 16:17:20] crowsnest:		Interval: Discrete 0.033s (30.000 fps)
[12/05/25 16:17:20] crowsnest:		Interval: Discrete 0.040s (25.000 fps)
[12/05/25 16:17:20] crowsnest:		Interval: Discrete 0.050s (20.000 fps)
[12/05/25 16:17:20] crowsnest:		Interval: Discrete 0.067s (15.000 fps)
[12/05/25 16:17:20] crowsnest:		Interval: Discrete 0.100s (10.000 fps)
[12/05/25 16:17:20] crowsnest:		Interval: Discrete 0.200s (5.000 fps)
[12/05/25 16:17:20] crowsnest:		Size: Discrete 1024x576
[12/05/25 16:17:20] crowsnest:		Interval: Discrete 0.033s (30.000 fps)
[12/05/25 16:17:20] crowsnest:		Interval: Discrete 0.040s (25.000 fps)
[12/05/25 16:17:20] crowsnest:		Interval: Discrete 0.050s (20.000 fps)
[12/05/25 16:17:20] crowsnest:		Interval: Discrete 0.067s (15.000 fps)
[12/05/25 16:17:20] crowsnest:		Interval: Discrete 0.100s (10.000 fps)
[12/05/25 16:17:20] crowsnest:		Interval: Discrete 0.200s (5.000 fps)
[12/05/25 16:17:20] crowsnest:		Size: Discrete 1184x656
[12/05/25 16:17:20] crowsnest:		Interval: Discrete 0.033s (30.000 fps)
[12/05/25 16:17:20] crowsnest:		Interval: Discrete 0.040s (25.000 fps)
[12/05/25 16:17:20] crowsnest:		Interval: Discrete 0.050s (20.000 fps)
[12/05/25 16:17:20] crowsnest:		Interval: Discrete 0.067s (15.000 fps)
[12/05/25 16:17:20] crowsnest:		Interval: Discrete 0.100s (10.000 fps)
[12/05/25 16:17:20] crowsnest:		Interval: Discrete 0.200s (5.000 fps)
[12/05/25 16:17:20] crowsnest:		Size: Discrete 1280x720
[12/05/25 16:17:20] crowsnest:		Interval: Discrete 0.033s (30.000 fps)
[12/05/25 16:17:20] crowsnest:		Interval: Discrete 0.040s (25.000 fps)
[12/05/25 16:17:20] crowsnest:		Interval: Discrete 0.050s (20.000 fps)
[12/05/25 16:17:20] crowsnest:		Interval: Discrete 0.067s (15.000 fps)
[12/05/25 16:17:20] crowsnest:		Interval: Discrete 0.100s (10.000 fps)
[12/05/25 16:17:20] crowsnest:		Interval: Discrete 0.200s (5.000 fps)
[12/05/25 16:17:20] crowsnest:		Size: Discrete 1280x960
[12/05/25 16:17:20] crowsnest:		Interval: Discrete 0.033s (30.000 fps)
[12/05/25 16:17:20] crowsnest:		Interval: Discrete 0.040s (25.000 fps)
[12/05/25 16:17:20] crowsnest:		Interval: Discrete 0.050s (20.000 fps)
[12/05/25 16:17:20] crowsnest:		Interval: Discrete 0.067s (15.000 fps)
[12/05/25 16:17:20] crowsnest:		Interval: Discrete 0.100s (10.000 fps)
[12/05/25 16:17:20] crowsnest:		Interval: Discrete 0.200s (5.000 fps)
[12/05/25 16:41:59] crowsnest: Supported Controls:
[12/05/25 16:41:59] crowsnest:		
[12/05/25 16:41:59] crowsnest:		User Controls
[12/05/25 16:41:59] crowsnest:		
[12/05/25 16:41:59] crowsnest:		brightness 0x00980900 (int)    : min=0 max=255 step=1 default=128 value=128
[12/05/25 16:41:59] crowsnest:		contrast 0x00980901 (int)    : min=0 max=255 step=1 default=32 value=32
[12/05/25 16:41:59] crowsnest:		saturation 0x00980902 (int)    : min=0 max=255 step=1 default=32 value=32
[12/05/25 16:41:59] crowsnest:		white_balance_automatic 0x0098090c (bool)   : default=1 value=1
[12/05/25 16:41:59] crowsnest:		gain 0x00980913 (int)    : min=0 max=255 step=1 default=0 value=8
[12/05/25 16:41:59] crowsnest:		power_line_frequency 0x00980918 (menu)   : min=0 max=2 default=2 value=2 (60 Hz)
[12/05/25 16:41:59] crowsnest:		0: Disabled
[12/05/25 16:41:59] crowsnest:		1: 50 Hz
[12/05/25 16:41:59] crowsnest:		2: 60 Hz
[12/05/25 16:41:59] crowsnest:		white_balance_temperature 0x0098091a (int)    : min=0 max=10000 step=10 default=4000 value=0 flags=inactive
[12/05/25 16:41:59] crowsnest:		sharpness 0x0098091b (int)    : min=0 max=255 step=1 default=24 value=24
[12/05/25 16:41:59] crowsnest:		backlight_compensation 0x0098091c (int)    : min=0 max=1 step=1 default=1 value=1
[12/05/25 16:41:59] crowsnest:		
[12/05/25 16:41:59] crowsnest:		Camera Controls
[12/05/25 16:41:59] crowsnest:		
[12/05/25 16:41:59] crowsnest:		auto_exposure 0x009a0901 (menu)   : min=0 max=3 default=3 value=3 (Aperture Priority Mode)
[12/05/25 16:41:59] crowsnest:		1: Manual Mode
[12/05/25 16:41:59] crowsnest:		3: Aperture Priority Mode
[12/05/25 16:41:59] crowsnest:		exposure_time_absolute 0x009a0902 (int)    : min=1 max=10000 step=1 default=156 value=156 flags=inactive
[12/05/25 16:41:59] crowsnest:		exposure_dynamic_framerate 0x009a0903 (bool)   : default=0 value=1
[12/05/25 16:41:59] crowsnest: Try to start configured Cams / Services...
[12/05/25 16:42:02] crowsnest: INFO: Configuration of Section [cam 1] looks good. Continue ...
[12/05/25 16:42:03] crowsnest: V4L2 Control: No parameters set for [cam 1]. Skipped.
[12/05/25 16:42:05] crowsnest: Starting ustreamer with Device /dev/video3 ...
[12/05/25 16:42:07] crowsnest:  ... Done!
