-------------------- Log Start | Fri Dec  5 15:06:54 2025 --------------------
platform: Linux-6.1.67-current-rockchip64-aarch64-with-glibc2.36
data_path: /home/mks/printer_data
is_default_data_path: False
config_file: /home/mks/printer_data/config/moonraker.conf
backup_config: /home/mks/printer_data/config/.moonraker.conf.bkp
startup_warnings: []
verbose: False
debug: False
asyncio_debug: False
is_backup_config: False
is_python_package: False
instance_uuid: e84c57792b4142ef9faba51c6bb000e6
unix_socket_path: /home/mks/printer_data/comms/moonraker.sock
structured_logging: False
software_version: v0.9.3-129-g058517b
git_branch: master
git_remote: origin
git_repo_url: https://github.com/Arksine/moonraker.git
modified_files: []
unofficial_components: []
log_file: /home/mks/printer_data/logs/moonraker.log
python_version: 3.11.2 (main, Apr 28 2025, 14:11:48) [GCC 12.2.0]
launch_args: /home/mks/moonraker-env/bin/python /home/mks/moonraker/moonraker/moonraker.py -d /home/mks/printer_data
msgspec_enabled: False
uvloop_enabled: False
2025-12-05 16:06:54,687 [confighelper.py:read_file()] - Configuration File '/home/mks/printer_data/config/moonraker.conf' parsed, total size: 2078 B
2025-12-05 16:06:54,688 [server.py:add_log_rollover_item()] - 
#################### Moonraker Configuration ####################

[server]
host = 0.0.0.0
port = 7125
klippy_uds_address = /home/mks/printer_data/comms/klippy.sock

[authorization]
trusted_clients = 
	10.10.0.0/16
	10.0.0.0/8
	127.0.0.0/8
	169.254.0.0/16
	172.16.0.0/12
	192.168.0.0/16
	FE80::/10
	::1/128
cors_domains = 
	*.lan
	*.local
	*://localhost
	*://localhost:*
	*://my.mainsail.xyz
	*://app.fluidd.xyz

[file_manager]
enable_object_processing = True

[octoprint_compat]

[history]

[update_manager]
channel = dev
refresh_interval = 168

[update_manager fluidd-config]
type = git_repo
primary_branch = master
path = ~/fluidd-config
origin = https://github.com/fluidd-core/fluidd-config.git
managed_services = klipper

[update_manager fluidd]
type = web
channel = stable
repo = fluidd-core/fluidd
path = ~/fluidd

[update_manager mainsail]
type = web
channel = stable
repo = mainsail-crew/mainsail
path = ~/mainsail

[update_manager Klipper-Adaptive-Meshing-Purging]
type = git_repo
channel = dev
path = ~/Klipper-Adaptive-Meshing-Purging
origin = https://github.com/kyleisah/Klipper-Adaptive-Meshing-Purging.git
managed_services = klipper
primary_branch = main

[update_manager OpenNept4une]
type = git_repo
primary_branch = main
path = /home/mks/OpenNept4une
is_system_service = False
origin = https://github.com/OpenNeptune3D/OpenNept4une.git

[update_manager display]
type = git_repo
primary_branch = main
path = /home/mks/display_connector
virtualenv = /home/mks/display_connector/venv
requirements = requirements.txt
origin = https://github.com/OpenNeptune3D/display_connector.git

[spoolman]
server = http://10.10.0.185:7912
sync_rate = 5

[update_manager klipper-backup]
type = git_repo
path = ~/klipper-backup
origin = https://github.com/Staubgeborener/klipper-backup.git
managed_services = moonraker
primary_branch = main

#################################################################
All Configuration Files:
/home/mks/printer_data/config/moonraker.conf
#################################################################
2025-12-05 16:06:54,894 [server.py:load_component()] - Component (secrets) loaded
2025-12-05 16:06:54,908 [server.py:load_component()] - Component (template) loaded
2025-12-05 16:06:54,923 [server.py:load_component()] - Component (klippy_connection) loaded
2025-12-05 16:06:56,043 [application.py:__init__()] - Detected Tornado Version 6.5.1
2025-12-05 16:06:56,051 [server.py:load_component()] - Component (application) loaded
2025-12-05 16:06:56,093 [server.py:load_component()] - Component (websockets) loaded
2025-12-05 16:06:56,116 [server.py:add_log_rollover_item()] - Loading Sqlite database provider. Sqlite Version: 3.40.1
2025-12-05 16:06:56,121 [server.py:add_log_rollover_item()] - Unsafe Shutdown Count: 76
2025-12-05 16:06:56,128 [server.py:load_component()] - Component (database) loaded
2025-12-05 16:06:56,230 [server.py:load_component()] - Component (dbus_manager) loaded
2025-12-05 16:06:56,278 [file_manager.py:__init__()] - Using File System Observer: inotify
2025-12-05 16:06:56,306 [server.py:load_component()] - Component (file_manager) loaded
2025-12-05 16:06:56,334 [database.py:register_table()] - Found registered table authorized_users
2025-12-05 16:06:56,338 [authorization.py:__init__()] - Authorization Configuration Loaded
Trusted Clients:
10.10.0.0/16
10.0.0.0/8
127.0.0.0/8
169.254.0.0/16
172.16.0.0/12
192.168.0.0/16
fe80::/10
::1/128
CORS Domains:
.*\.lan
.*\.local
.*://localhost
.*://localhost:.*
.*://my\.mainsail\.xyz
.*://app\.fluidd\.xyz
2025-12-05 16:06:56,347 [server.py:load_component()] - Component (authorization) loaded
2025-12-05 16:06:56,357 [server.py:load_component()] - Component (klippy_apis) loaded
2025-12-05 16:06:56,487 [server.py:add_log_rollover_item()] - 
System Info:

***python***
  version: (3, 11, 2, 'final', 0)
  version_string: 3.11.2 (main, Apr 28 2025, 14:11:48) [GCC 12.2.0]

***cpu_info***
  cpu_count: 4
  bits: 64bit
  processor: aarch64
  cpu_desc: 
  serial_number: 
  hardware_desc: 
  model: 
  total_memory: 999936
  memory_units: kB

***sd_info***

***distribution***
  name: Armbian-unofficial 24.2.0-trunk bookworm
  id: debian
  version: 12
  version_parts: {'major': '12', 'minor': '', 'build_number': ''}
  like: 
  codename: bookworm
  release_info: {'name': '# PLEASE DO NOT EDIT THIS FILE', 'id': 'armbian'}
  kernel_version: 6.1.67-current-rockchip64

***virtualization***
  virt_type: none
  virt_identifier: none

***network***

***canbus***

***Allowed Services***
  klipper_mcu
  webcamd
  MoonCord
  KlipperScreen
  moonraker-telegram-bot
  moonraker-obico
  sonar
  octoeverywhere
  ratos-configurator
  mobileraker
  display
2025-12-05 16:06:56,491 [server.py:load_component()] - Component (shell_command) loaded
2025-12-05 16:06:56,492 [machine.py:__init__()] - Using System Provider: systemd_dbus
2025-12-05 16:06:56,509 [server.py:add_log_rollover_item()] - Module libcamera unavailable, import failed
2025-12-05 16:06:56,509 [server.py:load_component()] - Component (machine) loaded
2025-12-05 16:06:56,514 [server.py:load_component()] - Component (data_store) loaded
2025-12-05 16:06:56,517 [proc_stats.py:__init__()] - Unable to find 'vcgencmd', throttle checking disabled
2025-12-05 16:06:56,519 [proc_stats.py:_get_cpu_thermal_file()] - Monitoring temperature using default thermal zone
2025-12-05 16:06:56,521 [server.py:load_component()] - Component (proc_stats) loaded
2025-12-05 16:06:56,524 [server.py:load_component()] - Component (job_state) loaded
2025-12-05 16:06:56,532 [server.py:load_component()] - Component (job_queue) loaded
2025-12-05 16:06:56,536 [database.py:register_table()] - Found registered table job_history
2025-12-05 16:06:56,537 [database.py:register_table()] - Found registered table job_totals
2025-12-05 16:06:56,542 [server.py:load_component()] - Component (history) loaded
2025-12-05 16:06:56,552 [server.py:load_component()] - Component (http_client) loaded
2025-12-05 16:06:56,560 [server.py:load_component()] - Component (announcements) loaded
2025-12-05 16:06:56,567 [server.py:load_component()] - Component (webcam) loaded
2025-12-05 16:06:56,572 [server.py:load_component()] - Component (extensions) loaded
2025-12-05 16:06:56,584 [server.py:load_component()] - Component (octoprint_compat) loaded
2025-12-05 16:06:56,704 [base_deploy.py:log_info()] - Git Repo moonraker: Detected virtualenv: /home/mks/moonraker-env
2025-12-05 16:06:56,711 [base_deploy.py:log_info()] - Git Repo klipper: Detected virtualenv: /home/mks/klippy-env
2025-12-05 16:06:56,733 [base_deploy.py:log_info()] - Git Repo display: Detected virtualenv: /home/mks/display_connector/venv
2025-12-05 16:06:56,748 [server.py:load_component()] - Component (update_manager) loaded
2025-12-05 16:06:56,752 [announcements.py:register_feed()] - Registering feed spoolman
2025-12-05 16:06:56,755 [server.py:load_component()] - Component (spoolman) loaded
2025-12-05 16:06:56,758 [server.py:_initialize_component()] - Performing Component Post Init: [database]
2025-12-05 16:06:56,786 [server.py:_initialize_component()] - Performing Component Post Init: [dbus_manager]
2025-12-05 16:06:56,803 [server.py:_initialize_component()] - Performing Component Post Init: [authorization]
2025-12-05 16:06:56,807 [server.py:_initialize_component()] - Performing Component Post Init: [machine]
2025-12-05 16:06:56,810 [machine.py:validation_init()] - Installation version in database up to date
2025-12-05 16:06:59,545 [machine.py:check_virt_status()] - No Virtualization Detected
2025-12-05 16:06:59,560 [machine.py:_find_public_ip()] - Detected Local IP: 10.10.0.182
2025-12-05 16:06:59,563 [webcam.py:_set_default_host_ip()] - Default public webcam address set: http://10.10.0.182
2025-12-05 16:06:59,649 [server.py:add_log_rollover_item()] - 
Systemd unit moonraker.service:
unit_name: moonraker.service
is_default: True
manager: systemd
Properties:
**Requires=['network-online.target', 'system.slice', 'sysinit.target', '-.mount']
**After=['sysinit.target', 'basic.target', 'systemd-journald.socket', 'system.slice', '-.mount', 'network-online.target']
**SupplementaryGroups=['moonraker-admin']
**EnvironmentFiles=/home/mks/printer_data/systemd/moonraker.env
**ExecStart=/home/mks/moonraker-env/bin/python $MOONRAKER_ARGS
**WorkingDirectory=/home/mks/moonraker
**FragmentPath=/etc/systemd/system/moonraker.service
**Description=API Server for Klipper SV1
**User=mks
2025-12-05 16:06:59,649 [server.py:_initialize_component()] - Performing Component Post Init: [proc_stats]
2025-12-05 16:06:59,649 [server.py:_initialize_component()] - Performing Component Post Init: [history]
2025-12-05 16:06:59,658 [server.py:_initialize_component()] - Performing Component Post Init: [announcements]
2025-12-05 16:06:59,665 [server.py:_initialize_component()] - Performing Component Post Init: [webcam]
2025-12-05 16:06:59,665 [webcam.py:_set_default_host_ip()] - Default public webcam address set: http://10.10.0.182
2025-12-05 16:06:59,669 [server.py:_initialize_component()] - Performing Component Post Init: [klippy_connection]
2025-12-05 16:06:59,669 [server.py:add_log_rollover_item()] - 
Systemd unit klipper.service:
unit_name: klipper.service
is_default: True
manager: systemd
Properties:
**Requires=['sysinit.target', 'system.slice', '-.mount']
**After=['systemd-journald.socket', 'system.slice', '-.mount', 'sysinit.target', 'basic.target', 'network-online.target', 'klipper-mcu.service']
**SupplementaryGroups=[]
**EnvironmentFiles=/home/mks/printer_data/systemd/klipper.env
**ExecStart=/home/mks/klippy-env/bin/python $KLIPPER_ARGS
**WorkingDirectory=/home/mks/klipper
**FragmentPath=/etc/systemd/system/klipper.service
**Description=Klipper 3D Printer Firmware SV1
**User=mks
2025-12-05 16:06:59,669 [server.py:_initialize_component()] - Performing Component Post Init: [update_manager]
2025-12-05 16:06:59,681 [server.py:_initialize_component()] - Performing Component Post Init: [spoolman]
2025-12-05 16:06:59,698 [spoolman.py:_connect_websocket()] - Connecting To Spoolman: ws://10.10.0.185:7912/api/v1/spool
2025-12-05 16:06:59,724 [server.py:add_log_rollover_item()] - Connected to Spoolman Spool Manager
2025-12-05 16:06:59,766 [spoolman.py:_check_spool_deleted()] - Found Spool ID 1 on spoolman instance
2025-12-05 16:07:00,047 [base_deploy.py:log_info()] - PackageDeploy: PackageKit Provider Configured
2025-12-05 16:07:00,051 [git_deploy.py:log_repo_info()] - Git Repo moonraker Detected:
Owner: Arksine
Repository Name: moonraker
Path: /home/mks/moonraker
Remote: origin
Branch: master
Remote URL: https://github.com/Arksine/moonraker.git
Recovery URL: https://github.com/Arksine/moonraker.git
Current Commit SHA: 058517b5b443f1c8454ca58810568b93e39ef867
Upstream Commit SHA: 058517b5b443f1c8454ca58810568b93e39ef867
Current Version: v0.9.3-129-g058517b5
Upstream Version: v0.9.3-129-g058517b5
Rollback Commit: 960e933837413b4b365074580aeb14d04437204e
Rollback Branch: master
Rollback Version: v0.9.3-128-g960e9338
Is Dirty: False
Is Detached: False
Is Shallow: False
Commits Behind Count: 0
Diverged: False
Pinned Commit: None
Repo Warnings:
  Repo has untracked source files: ['moonraker/components/timelapse.py']
2025-12-05 16:07:00,055 [git_deploy.py:log_repo_info()] - Git Repo klipper Detected:
Owner: Klipper3d
Repository Name: klipper
Path: /home/mks/klipper
Remote: origin
Branch: master
Remote URL: https://github.com/Klipper3d/klipper
Recovery URL: https://github.com/Klipper3d/klipper
Current Commit SHA: 2e5802370c1ab944373814f96f9d35a3db9d3143
Upstream Commit SHA: 2e5802370c1ab944373814f96f9d35a3db9d3143
Current Version: v0.13.0-419-g2e580237
Upstream Version: v0.13.0-419-g2e580237
Rollback Commit: b4c7cf4a3365a7bdc05b1ac146f8f48b5666ce8d
Rollback Branch: master
Rollback Version: v0.13.0-403-gb4c7cf4a
Is Dirty: False
Is Detached: False
Is Shallow: False
Commits Behind Count: 0
Diverged: False
Pinned Commit: None
Repo Warnings:
  Repo has untracked source files: ['klippy/extras/gcode_shell_command.py']
2025-12-05 16:07:00,059 [git_deploy.py:log_repo_info()] - Git Repo fluidd-config Detected:
Owner: fluidd-core
Repository Name: fluidd-config
Path: /home/mks/fluidd-config
Remote: origin
Branch: master
Remote URL: https://github.com/fluidd-core/fluidd-config.git
Recovery URL: https://github.com/fluidd-core/fluidd-config.git
Current Commit SHA: 807175d72e3a00cdc6b5e249444a4630e1e03a55
Upstream Commit SHA: 807175d72e3a00cdc6b5e249444a4630e1e03a55
Current Version: v1.2.1-0-g807175d7
Upstream Version: v1.2.1-0-g807175d7
Rollback Commit: d44ec292b776131f892ab1650eaab89e14d2199f
Rollback Branch: master
Rollback Version: v1.1.0-0-gd44ec292
Is Dirty: False
Is Detached: False
Is Shallow: False
Commits Behind Count: 0
Diverged: False
Pinned Commit: None
2025-12-05 16:07:00,068 [base_deploy.py:log_info()] - Web Client fluidd: Detected
Repo: fluidd-core/fluidd
Channel: stable
Path: /home/mks/fluidd
Local Version: v1.35.1
Remote Version: v1.35.1
Valid: True
Fallback Detected: False
Pre-release: False
Download Url: https://github.com/fluidd-core/fluidd/releases/download/v1.35.1/fluidd.zip
Download Size: 4525035
Content Type: application/zip
Rollback Version: v1.35.0
Rollback Repo: fluidd-core/fluidd
2025-12-05 16:07:00,076 [base_deploy.py:log_info()] - Web Client mainsail: Detected
Repo: mainsail-crew/mainsail
Channel: stable
Path: /home/mks/mainsail
Local Version: v2.15.0
Remote Version: v2.15.0
Valid: True
Fallback Detected: False
Pre-release: False
Download Url: https://github.com/mainsail-crew/mainsail/releases/download/v2.15.0/mainsail.zip
Download Size: 2992437
Content Type: application/zip
Rollback Version: v2.14.0
Rollback Repo: mainsail-crew/mainsail
2025-12-05 16:07:00,080 [git_deploy.py:log_repo_info()] - Git Repo Klipper-Adaptive-Meshing-Purging Detected:
Owner: kyleisah
Repository Name: Klipper-Adaptive-Meshing-Purging
Path: /home/mks/Klipper-Adaptive-Meshing-Purging
Remote: origin
Branch: main
Remote URL: https://github.com/kyleisah/Klipper-Adaptive-Meshing-Purging.git
Recovery URL: https://github.com/kyleisah/Klipper-Adaptive-Meshing-Purging.git
Current Commit SHA: b0dad8ec9ee31cb644b94e39d4b8a8fb9d6c9ba0
Upstream Commit SHA: b0dad8ec9ee31cb644b94e39d4b8a8fb9d6c9ba0
Current Version: v1.1.2-13-gb0dad8ec
Upstream Version: v1.1.2-13-gb0dad8ec
Rollback Commit: 3eca87b784895ec7d8679f5dae56f1ffa975552b
Rollback Branch: main
Rollback Version: v1.1.2-7-g3eca87b7
Is Dirty: False
Is Detached: False
Is Shallow: False
Commits Behind Count: 0
Diverged: False
Pinned Commit: None
2025-12-05 16:07:00,083 [git_deploy.py:log_repo_info()] - Git Repo OpenNept4une Detected:
Owner: OpenNeptune3D
Repository Name: OpenNept4une
Path: /home/mks/OpenNept4une
Remote: origin
Branch: main
Remote URL: https://github.com/OpenNeptune3D/OpenNept4une.git
Recovery URL: https://github.com/OpenNeptune3D/OpenNept4une.git
Current Commit SHA: c8100e178bba60b50037fdce53a1cd4aa2cf2c51
Upstream Commit SHA: c8100e178bba60b50037fdce53a1cd4aa2cf2c51
Current Version: v0.1.7-1-gc8100e17
Upstream Version: v0.1.7-1-gc8100e17
Rollback Commit: 3e30f4bd172c2d08cce28b37e61fcedf391ac477
Rollback Branch: main
Rollback Version: v0.1.6-4-g3e30f4bd
Is Dirty: False
Is Detached: False
Is Shallow: False
Commits Behind Count: 0
Diverged: False
Pinned Commit: None
2025-12-05 16:07:00,086 [base_deploy.py:log_info()] - Git Repo display: Pip Version: 25.2, Python Version: 3.11
Last checked on 2025-12-04 13:57:40.534050+00:00
2025-12-05 16:07:00,089 [git_deploy.py:log_repo_info()] - Git Repo display Detected:
Owner: OpenNeptune3D
Repository Name: display_connector
Path: /home/mks/display_connector
Remote: origin
Branch: main
Remote URL: https://github.com/OpenNeptune3D/display_connector.git
Recovery URL: https://github.com/OpenNeptune3D/display_connector.git
Current Commit SHA: df515e521588270f3f490039b082583acbc08c72
Upstream Commit SHA: df515e521588270f3f490039b082583acbc08c72
Current Version: v0.0.0-145-gdf515e52-inferred
Upstream Version: v0.0.0-145-inferred
Rollback Commit: bc45979c080a7510289c07455a872cdf9b0e5846
Rollback Branch: main
Rollback Version: v0.0.0-140-gbc45979c-inferred
Is Dirty: False
Is Detached: False
Is Shallow: False
Commits Behind Count: 0
Diverged: False
Pinned Commit: None
2025-12-05 16:07:00,094 [base_deploy.py:log_info()] - PackageKit: Next refresh in: 6 Days, 19 Hours, 29 Minutes, 44 Seconds
2025-12-05 16:07:00,094 [base_deploy.py:log_info()] - Git Repo moonraker: Next refresh in: 6 Days, 19 Hours, 29 Minutes, 45 Seconds
2025-12-05 16:07:00,094 [base_deploy.py:log_info()] - Git Repo klipper: Next refresh in: 6 Days, 19 Hours, 29 Minutes, 47 Seconds
2025-12-05 16:07:00,094 [base_deploy.py:log_info()] - Git Repo fluidd-config: Next refresh in: 6 Days, 19 Hours, 29 Minutes, 47 Seconds
2025-12-05 16:07:00,095 [base_deploy.py:log_info()] - Web Client fluidd: Next refresh in: 6 Days, 19 Hours, 29 Minutes, 48 Seconds
2025-12-05 16:07:00,095 [base_deploy.py:log_info()] - Web Client mainsail: Next refresh in: 6 Days, 19 Hours, 29 Minutes, 48 Seconds
2025-12-05 16:07:00,095 [base_deploy.py:log_info()] - Git Repo Klipper-Adaptive-Meshing-Purging: Next refresh in: 6 Days, 19 Hours, 29 Minutes, 49 Seconds
2025-12-05 16:07:00,095 [base_deploy.py:log_info()] - Git Repo OpenNept4une: Next refresh in: 6 Days, 19 Hours, 29 Minutes, 50 Seconds
2025-12-05 16:07:00,096 [base_deploy.py:log_info()] - Git Repo display: Next refresh in: 6 Days, 19 Hours, 29 Minutes, 51 Seconds
2025-12-05 16:07:00,193 [confighelper.py:create_backup()] - Backing up last working configuration to '/home/mks/printer_data/config/.moonraker.conf.bkp'
2025-12-05 16:07:00,200 [extensions.py:start_unix_server()] - Creating Unix Domain Socket at '/home/mks/printer_data/comms/moonraker.sock'
2025-12-05 16:07:00,203 [server.py:start_server()] - Starting Moonraker on (0.0.0.0, 7125), Hostname: znp-k1
2025-12-05 16:07:00,204 [application.py:listen()] - SSL Certificate/Key not configured, aborting HTTPS Server startup
2025-12-05 16:07:00,210 [shell_command.py:_check_proc_success()] - Command (git -C /home/mks/klipper-backup status --porcelain -b) successfully finished
2025-12-05 16:07:00,224 [shell_command.py:_check_proc_success()] - Command (git -C /home/mks/klipper-backup branch --list --no-color) successfully finished
2025-12-05 16:07:00,246 [shell_command.py:_check_proc_success()] - Command (git -C /home/mks/klipper-backup remote get-url origin) successfully finished
2025-12-05 16:07:00,461 [klippy_connection.py:_do_connect()] - Klippy Connection Established
2025-12-05 16:07:00,793 [server.py:add_log_rollover_item()] - Klipper Version: v0.13.0-419-g2e5802370-dirty
2025-12-05 16:07:00,843 [klippy_connection.py:_request_initial_subscriptions()] - Webhooks Subscribed
2025-12-05 16:07:00,845 [klippy_connection.py:_request_initial_subscriptions()] - GCode Output Subscribed
2025-12-05 16:07:00,856 [klippy_connection.py:_check_ready()] - 
Lost communication with MCU 'mcu'
Once the underlying issue is corrected, use the
"FIRMWARE_RESTART" command to reset the firmware, reload the
config, and restart the host software.
Printer is shutdown

2025-12-05 16:07:01,326 [shell_command.py:_check_proc_success()] - Command (git -C /home/mks/klipper-backup fetch origin --prune --progress) successfully finished
2025-12-05 16:07:01,339 [shell_command.py:_check_proc_success()] - Command (git -C /home/mks/klipper-backup merge-base --is-ancestor HEAD origin/main) successfully finished
2025-12-05 16:07:01,352 [shell_command.py:_check_proc_success()] - Command (git -C /home/mks/klipper-backup rev-parse HEAD) successfully finished
2025-12-05 16:07:01,384 [shell_command.py:_check_proc_success()] - Command (git -C /home/mks/klipper-backup describe --always --tags --long --dirty --abbrev=8) successfully finished
2025-12-05 16:07:01,395 [shell_command.py:_check_proc_success()] - Command (git -C /home/mks/klipper-backup rev-parse origin/main) successfully finished
2025-12-05 16:07:01,416 [shell_command.py:_check_proc_success()] - Command (git -C /home/mks/klipper-backup describe origin/main --always --tags --long --abbrev=8) successfully finished
2025-12-05 16:07:01,430 [shell_command.py:_check_proc_success()] - Command (git -C /home/mks/klipper-backup rev-list HEAD..e672f81e3023e4c3271beb960d332f035910f3cc --count) successfully finished
2025-12-05 16:07:01,431 [git_deploy.py:log_repo_info()] - Git Repo klipper-backup Detected:
Owner: Staubgeborener
Repository Name: klipper-backup
Path: /home/mks/klipper-backup
Remote: origin
Branch: main
Remote URL: https://github.com/Staubgeborener/klipper-backup.git
Recovery URL: https://github.com/Staubgeborener/klipper-backup.git
Current Commit SHA: e672f81e3023e4c3271beb960d332f035910f3cc
Upstream Commit SHA: e672f81e3023e4c3271beb960d332f035910f3cc
Current Version: v1.3.5-3-ge672f81e
Upstream Version: v1.3.5-3-ge672f81e
Rollback Commit: e672f81e3023e4c3271beb960d332f035910f3cc
Rollback Branch: main
Rollback Version: v1.3.5-3-ge672f81e
Is Dirty: False
Is Detached: False
Is Shallow: False
Commits Behind Count: 0
Diverged: False
Pinned Commit: None
2025-12-05 16:07:01,431 [base_deploy.py:log_info()] - Git Repo klipper-backup: Channel: dev
2025-12-05 16:07:01,431 [base_deploy.py:log_info()] - Git Repo klipper-backup: Validity check for git repo passed
2025-12-05 16:07:09,623 [authorization.py:_check_trusted_connection()] - Trusted Connection Detected, IP: 10.10.0.100
2025-12-05 16:07:09,625 [application.py:log_request()] - 101 GET /websocket (10.10.0.100) [_TRUSTED_USER_] 3.88ms
2025-12-05 16:07:09,626 [websockets.py:open()] - Websocket Opened: ID: 281473805917392, Proxied: False, User Agent: HomeAssistant/2025.12.0 aiohttp/3.13.2 Python/3.13, Host Name: 10.10.0.182
2025-12-05 16:09:05,957 [authorization.py:_check_trusted_connection()] - Trusted Connection Detected, IP: 10.10.0.75
2025-12-05 16:09:06,031 [application.py:log_request()] - 101 GET /websocket?token=URELE5ZBVDSWVXUA42NTIO2UTPADTX3L (10.10.0.75) [_TRUSTED_USER_] 5.73ms
2025-12-05 16:09:06,032 [websockets.py:open()] - Websocket Opened: ID: 281473815104528, Proxied: False, User Agent: Mozilla/5.0 (Windows NT 10.0; Win64; x64) AppleWebKit/537.36 (KHTML, like Gecko) Chrome/143.0.0.0 Safari/537.36, Host Name: 10.10.0.182
2025-12-05 16:09:06,042 [websockets.py:_handle_identify()] - Websocket 281473815104528 Client Identified - Name: fluidd, Version: 1.35.1-238dba1, Type: web
2025-12-05 16:09:06,045 [file_manager.py:get_file_list()] - Updating File List <config>...
2025-12-05 16:09:10,141 [klippy_connection.py:_on_connection_closed()] - Klippy Connection Removed
2025-12-05 16:09:10,146 [common.py:build_error()] - JSON-RPC Request Error - Requested Method: printer.objects.query, Code: 503, Message: Klippy Disconnected
2025-12-05 16:09:10,251 [common.py:build_error()] - JSON-RPC Request Error - Requested Method: printer.info, Code: 503, Message: Klippy Host not connected
2025-12-05 16:09:11,407 [klippy_connection.py:_do_connect()] - Klippy Connection Established
2025-12-05 16:09:11,520 [server.py:add_log_rollover_item()] - 
Systemd unit klipper.service:
unit_name: klipper.service
is_default: True
manager: systemd
Properties:
**Requires=['sysinit.target', 'system.slice', '-.mount']
**After=['system.slice', '-.mount', 'systemd-journald.socket', 'klipper-mcu.service', 'basic.target', 'sysinit.target', 'network-online.target']
**SupplementaryGroups=[]
**EnvironmentFiles=/home/mks/printer_data/systemd/klipper.env
**ExecStart=/home/mks/klippy-env/bin/python $KLIPPER_ARGS
**WorkingDirectory=/home/mks/klipper
**FragmentPath=/etc/systemd/system/klipper.service
**Description=Klipper 3D Printer Firmware SV1
**User=mks
2025-12-05 16:09:20,649 [klippy_connection.py:_request_initial_subscriptions()] - Webhooks Subscribed
2025-12-05 16:09:20,652 [klippy_connection.py:_request_initial_subscriptions()] - GCode Output Subscribed
2025-12-05 16:09:20,899 [job_state.py:_handle_started()] - Job state initialized: standby
2025-12-05 16:09:21,155 [klippy_connection.py:_check_ready()] - Klippy ready
2025-12-05 16:09:21,650 [data_store.py:_init_sensors()] - Configuring available sensors: ['heater_bed', 'extruder']
2025-12-05 16:09:40,537 [klippy_connection.py:_process_status_update()] - Klippy has shutdown
2025-12-05 16:09:40,544 [proc_stats.py:_handle_shutdown()] - 
Moonraker System Usage Statistics:
System Time: 1764947350.828305, Usage: 15.19%, Memory: 50296 kB
System Time: 1764947351.828951, Usage: 12.16%, Memory: 50360 kB
System Time: 1764947352.831918, Usage: 2.17%, Memory: 50360 kB
System Time: 1764947353.833468, Usage: 6.05%, Memory: 50384 kB
System Time: 1764947354.834795, Usage: 1.65%, Memory: 50384 kB
System Time: 1764947355.836171, Usage: 3.27%, Memory: 50384 kB
System Time: 1764947356.838376, Usage: 3.03%, Memory: 50384 kB
System Time: 1764947357.837939, Usage: 1.66%, Memory: 50384 kB
System Time: 1764947358.840248, Usage: 2.98%, Memory: 50384 kB
System Time: 1764947359.843052, Usage: 4.09%, Memory: 50384 kB
System Time: 1764947360.842731, Usage: 4.49%, Memory: 50592 kB
System Time: 1764947361.841896, Usage: 13.18%, Memory: 50664 kB
System Time: 1764947362.843890, Usage: 4.85%, Memory: 50712 kB
System Time: 1764947363.844862, Usage: 1.79%, Memory: 50712 kB
System Time: 1764947364.844531, Usage: 2.6%, Memory: 50712 kB
System Time: 1764947365.845495, Usage: 2.28%, Memory: 50712 kB
System Time: 1764947366.851225, Usage: 3.29%, Memory: 50712 kB
System Time: 1764947367.852372, Usage: 2.88%, Memory: 50712 kB
System Time: 1764947368.857953, Usage: 2.93%, Memory: 50712 kB
System Time: 1764947369.850477, Usage: 2.67%, Memory: 50712 kB
System Time: 1764947370.850543, Usage: 2.48%, Memory: 50712 kB
System Time: 1764947371.851979, Usage: 2.5%, Memory: 50712 kB
System Time: 1764947372.852952, Usage: 1.8%, Memory: 50712 kB
System Time: 1764947373.855257, Usage: 3.0%, Memory: 50712 kB
System Time: 1764947374.856107, Usage: 1.97%, Memory: 50712 kB
System Time: 1764947375.855523, Usage: 2.23%, Memory: 50712 kB
System Time: 1764947376.856442, Usage: 1.77%, Memory: 50712 kB
System Time: 1764947377.856949, Usage: 1.74%, Memory: 50712 kB
System Time: 1764947378.857316, Usage: 1.73%, Memory: 50712 kB
System Time: 1764947379.858501, Usage: 2.85%, Memory: 50712 kB
CPU Temperature: 39.545
2025-12-05 16:09:51,959 [extensions.py:__init__()] - Unix Socket Opened - Client ID: 281473805186704, Process ID: 2120, User ID: 1002,  Group ID: 1002
2025-12-05 16:09:51,962 [extensions.py:_on_close()] - Unix Socket Closed: ID: 281473805186704, Close Code: None, Close Reason: Read Exit
2025-12-05 16:09:53,296 [extensions.py:__init__()] - Unix Socket Opened - Client ID: 281473804412496, Process ID: 2120, User ID: 1002,  Group ID: 1002
2025-12-05 16:09:53,308 [websockets.py:_handle_identify()] - Websocket 281473804412496 Client Identified - Name: OpenNept4une Display Connector, Version: 0.0.1, Type: other
2025-12-05 16:09:53,968 [extensions.py:_on_close()] - Unix Socket Closed: ID: 281473804412496, Close Code: None, Close Reason: Read Exit
2025-12-05 16:09:54,303 [extensions.py:__init__()] - Unix Socket Opened - Client ID: 281473805536592, Process ID: 2120, User ID: 1002,  Group ID: 1002
2025-12-05 16:09:54,315 [websockets.py:_handle_identify()] - Websocket 281473805536592 Client Identified - Name: OpenNept4une Display Connector, Version: 0.0.1, Type: other
2025-12-05 16:10:31,277 [klippy_connection.py:wait()] - Request 'gcode/script' pending: 60.00 seconds
2025-12-05 16:11:01,321 [common.py:build_error()] - JSON-RPC Request Error - Requested Method: printer.gcode.script, Code: 400, Message: Lost communication with MCU 'mcu'
Once the underlying issue is corrected, use the
"FIRMWARE_RESTART" command to reset the firmware, reload the
config, and restart the host software.
Printer is shutdown

2025-12-05 16:11:01,322 [klippy_connection.py:_on_connection_closed()] - Klippy Connection Removed
2025-12-05 16:11:02,399 [common.py:build_error()] - JSON-RPC Request Error - Requested Method: printer.info, Code: 503, Message: Klippy Host not connected
2025-12-05 16:11:02,586 [klippy_connection.py:_do_connect()] - Klippy Connection Established
2025-12-05 16:11:02,935 [extensions.py:_on_close()] - Unix Socket Closed: ID: 281473805536592, Close Code: None, Close Reason: Read Exit
2025-12-05 16:11:04,263 [extensions.py:__init__()] - Unix Socket Opened - Client ID: 281473804675664, Process ID: 2120, User ID: 1002,  Group ID: 1002
2025-12-05 16:11:04,310 [websockets.py:_handle_identify()] - Websocket 281473804675664 Client Identified - Name: OpenNept4une Display Connector, Version: 0.0.1, Type: other
2025-12-05 16:11:04,933 [extensions.py:_on_close()] - Unix Socket Closed: ID: 281473804675664, Close Code: None, Close Reason: Read Exit
2025-12-05 16:11:05,265 [extensions.py:__init__()] - Unix Socket Opened - Client ID: 281473804571344, Process ID: 2120, User ID: 1002,  Group ID: 1002
2025-12-05 16:11:05,280 [websockets.py:_handle_identify()] - Websocket 281473804571344 Client Identified - Name: OpenNept4une Display Connector, Version: 0.0.1, Type: other
2025-12-05 16:11:06,101 [klippy_connection.py:_request_initial_subscriptions()] - Webhooks Subscribed
2025-12-05 16:11:06,104 [klippy_connection.py:_request_initial_subscriptions()] - GCode Output Subscribed
2025-12-05 16:11:06,107 [klippy_connection.py:_check_ready()] - 
Failed automated reset of MCU 'mcu'
Once the underlying issue is corrected, use the
"FIRMWARE_RESTART" command to reset the firmware, reload the
config, and restart the host software.
Error configuring printer

2025-12-05 16:13:16,800 [extensions.py:__init__()] - Unix Socket Opened - Client ID: 281473805369680, Process ID: 2120, User ID: 1002,  Group ID: 1002
2025-12-05 16:13:16,814 [websockets.py:_handle_identify()] - Websocket 281473805369680 Client Identified - Name: OpenNept4une Display Connector, Version: 0.0.1, Type: other
-------------------- Log Start | Fri Dec  5 15:17:19 2025 --------------------
platform: Linux-6.1.67-current-rockchip64-aarch64-with-glibc2.36
data_path: /home/mks/printer_data
is_default_data_path: False
config_file: /home/mks/printer_data/config/moonraker.conf
backup_config: None
startup_warnings: []
verbose: False
debug: False
asyncio_debug: False
is_backup_config: False
is_python_package: False
instance_uuid: ac4c1681403748a88f70640c52730f2d
unix_socket_path: /home/mks/printer_data/comms/moonraker.sock
structured_logging: False
software_version: v0.9.3-129-g058517b
git_branch: master
git_remote: origin
git_repo_url: https://github.com/Arksine/moonraker.git
modified_files: []
unofficial_components: []
log_file: /home/mks/printer_data/logs/moonraker.log
python_version: 3.11.2 (main, Apr 28 2025, 14:11:48) [GCC 12.2.0]
launch_args: /home/mks/moonraker-env/bin/python /home/mks/moonraker/moonraker/moonraker.py -d /home/mks/printer_data
msgspec_enabled: False
uvloop_enabled: False
2025-12-05 16:17:19,396 [confighelper.py:read_file()] - Configuration File '/home/mks/printer_data/config/moonraker.conf' parsed, total size: 2078 B
2025-12-05 16:17:19,397 [server.py:add_log_rollover_item()] - 
#################### Moonraker Configuration ####################

[server]
host = 0.0.0.0
port = 7125
klippy_uds_address = /home/mks/printer_data/comms/klippy.sock

[authorization]
trusted_clients = 
	10.10.0.0/16
	10.0.0.0/8
	127.0.0.0/8
	169.254.0.0/16
	172.16.0.0/12
	192.168.0.0/16
	FE80::/10
	::1/128
cors_domains = 
	*.lan
	*.local
	*://localhost
	*://localhost:*
	*://my.mainsail.xyz
	*://app.fluidd.xyz

[file_manager]
enable_object_processing = True

[octoprint_compat]

[history]

[update_manager]
channel = dev
refresh_interval = 168

[update_manager fluidd-config]
type = git_repo
primary_branch = master
path = ~/fluidd-config
origin = https://github.com/fluidd-core/fluidd-config.git
managed_services = klipper

[update_manager fluidd]
type = web
channel = stable
repo = fluidd-core/fluidd
path = ~/fluidd

[update_manager mainsail]
type = web
channel = stable
repo = mainsail-crew/mainsail
path = ~/mainsail

[update_manager Klipper-Adaptive-Meshing-Purging]
type = git_repo
channel = dev
path = ~/Klipper-Adaptive-Meshing-Purging
origin = https://github.com/kyleisah/Klipper-Adaptive-Meshing-Purging.git
managed_services = klipper
primary_branch = main

[update_manager OpenNept4une]
type = git_repo
primary_branch = main
path = /home/mks/OpenNept4une
is_system_service = False
origin = https://github.com/OpenNeptune3D/OpenNept4une.git

[update_manager display]
type = git_repo
primary_branch = main
path = /home/mks/display_connector
virtualenv = /home/mks/display_connector/venv
requirements = requirements.txt
origin = https://github.com/OpenNeptune3D/display_connector.git

[spoolman]
server = http://10.10.0.185:7912
sync_rate = 5

[update_manager klipper-backup]
type = git_repo
path = ~/klipper-backup
origin = https://github.com/Staubgeborener/klipper-backup.git
managed_services = moonraker
primary_branch = main

#################################################################
All Configuration Files:
/home/mks/printer_data/config/moonraker.conf
#################################################################
2025-12-05 16:17:19,749 [server.py:load_component()] - Component (secrets) loaded
2025-12-05 16:17:19,771 [server.py:load_component()] - Component (template) loaded
2025-12-05 16:17:19,795 [server.py:load_component()] - Component (klippy_connection) loaded
2025-12-05 16:42:00,269 [application.py:__init__()] - Detected Tornado Version 6.5.1
2025-12-05 16:42:00,274 [server.py:load_component()] - Component (application) loaded
2025-12-05 16:42:00,337 [server.py:load_component()] - Component (websockets) loaded
2025-12-05 16:42:00,372 [server.py:add_log_rollover_item()] - Loading Sqlite database provider. Sqlite Version: 3.40.1
2025-12-05 16:42:00,377 [server.py:add_log_rollover_item()] - Database: Stored Instance ID does not match current Instance ID.

Current UUID: ac4c1681403748a88f70640c52730f2d
Stored UUID: e84c57792b4142ef9faba51c6bb000e6
2025-12-05 16:42:00,379 [server.py:add_log_rollover_item()] - Unsafe Shutdown Count: 77
2025-12-05 16:42:00,385 [server.py:load_component()] - Component (database) loaded
2025-12-05 16:42:00,546 [server.py:load_component()] - Component (dbus_manager) loaded
2025-12-05 16:42:00,608 [file_manager.py:__init__()] - Using File System Observer: inotify
2025-12-05 16:42:00,671 [file_manager.py:prune_storage()] - Pruned metadata for the following:
cat2_0.2mm_PETG_Elegoo Neptune 4 Max_34m27s.gcode
cat3_0.2mm_PETG_Elegoo Neptune 4 Max_38m35s.gcode
lovecats_0.2mm_PETG_Elegoo Neptune 4 Max_7h6m.gcode
lovecats_0.2mm_PETG_Elegoo Neptune 4 Max_7h24m.gcode
lovemycat_0.2mm_PETG_Elegoo Neptune 4 Max_13h17m.gcode
ReservoirCroquettesChat-v2_0.28mm_PETG_Elegoo Neptune 4 Max_7h36m.gcode
Couvercle-ReservoirCroquettesChat-v2_0.28mm_PETG_Elegoo Neptune 4 Max_39m41s.gcode
2025-12-05 16:42:00,671 [server.py:load_component()] - Component (file_manager) loaded
2025-12-05 16:42:00,715 [database.py:register_table()] - Found registered table authorized_users
2025-12-05 16:42:00,720 [authorization.py:__init__()] - Authorization Configuration Loaded
Trusted Clients:
10.10.0.0/16
10.0.0.0/8
127.0.0.0/8
169.254.0.0/16
172.16.0.0/12
192.168.0.0/16
fe80::/10
::1/128
CORS Domains:
.*\.lan
.*\.local
.*://localhost
.*://localhost:.*
.*://my\.mainsail\.xyz
.*://app\.fluidd\.xyz
2025-12-05 16:42:00,735 [server.py:load_component()] - Component (authorization) loaded
2025-12-05 16:42:00,744 [server.py:load_component()] - Component (klippy_apis) loaded
2025-12-05 16:42:00,937 [server.py:add_log_rollover_item()] - 
System Info:

***python***
  version: (3, 11, 2, 'final', 0)
  version_string: 3.11.2 (main, Apr 28 2025, 14:11:48) [GCC 12.2.0]

***cpu_info***
  cpu_count: 4
  bits: 64bit
  processor: aarch64
  cpu_desc: 
  serial_number: 
  hardware_desc: 
  model: 
  total_memory: 999936
  memory_units: kB

***sd_info***

***distribution***
  name: Armbian-unofficial 24.2.0-trunk bookworm
  id: debian
  version: 12
  version_parts: {'major': '12', 'minor': '', 'build_number': ''}
  like: 
  codename: bookworm
  release_info: {'name': '# PLEASE DO NOT EDIT THIS FILE', 'id': 'armbian'}
  kernel_version: 6.1.67-current-rockchip64

***virtualization***
  virt_type: none
  virt_identifier: none

***network***

***canbus***

***Allowed Services***
  klipper_mcu
  webcamd
  MoonCord
  KlipperScreen
  moonraker-telegram-bot
  moonraker-obico
  sonar
  octoeverywhere
  ratos-configurator
  mobileraker
  display
2025-12-05 16:42:00,941 [server.py:load_component()] - Component (shell_command) loaded
2025-12-05 16:42:00,942 [machine.py:__init__()] - Using System Provider: systemd_dbus
2025-12-05 16:42:00,959 [server.py:add_log_rollover_item()] - Module libcamera unavailable, import failed
2025-12-05 16:42:00,959 [server.py:load_component()] - Component (machine) loaded
2025-12-05 16:42:00,965 [server.py:load_component()] - Component (data_store) loaded
2025-12-05 16:42:00,971 [proc_stats.py:__init__()] - Unable to find 'vcgencmd', throttle checking disabled
2025-12-05 16:42:00,973 [proc_stats.py:_get_cpu_thermal_file()] - Monitoring temperature using default thermal zone
2025-12-05 16:42:00,975 [server.py:load_component()] - Component (proc_stats) loaded
2025-12-05 16:42:00,979 [server.py:load_component()] - Component (job_state) loaded
2025-12-05 16:42:00,988 [server.py:load_component()] - Component (job_queue) loaded
2025-12-05 16:42:00,995 [database.py:register_table()] - Found registered table job_history
2025-12-05 16:42:00,997 [database.py:register_table()] - Found registered table job_totals
2025-12-05 16:42:01,002 [server.py:load_component()] - Component (history) loaded
2025-12-05 16:42:01,018 [server.py:load_component()] - Component (http_client) loaded
2025-12-05 16:42:01,029 [server.py:load_component()] - Component (announcements) loaded
2025-12-05 16:42:01,037 [server.py:load_component()] - Component (webcam) loaded
2025-12-05 16:42:01,043 [server.py:load_component()] - Component (extensions) loaded
2025-12-05 16:42:01,057 [server.py:load_component()] - Component (octoprint_compat) loaded
2025-12-05 16:42:01,209 [base_deploy.py:log_info()] - Git Repo moonraker: Detected virtualenv: /home/mks/moonraker-env
2025-12-05 16:42:01,220 [base_deploy.py:log_info()] - Git Repo klipper: Detected virtualenv: /home/mks/klippy-env
2025-12-05 16:42:01,250 [base_deploy.py:log_info()] - Git Repo display: Detected virtualenv: /home/mks/display_connector/venv
2025-12-05 16:42:01,268 [server.py:load_component()] - Component (update_manager) loaded
2025-12-05 16:42:01,275 [announcements.py:register_feed()] - Registering feed spoolman
2025-12-05 16:42:01,278 [server.py:load_component()] - Component (spoolman) loaded
2025-12-05 16:42:01,285 [server.py:_initialize_component()] - Performing Component Post Init: [database]
2025-12-05 16:42:01,299 [server.py:_initialize_component()] - Performing Component Post Init: [dbus_manager]
2025-12-05 16:42:01,473 [server.py:_initialize_component()] - Performing Component Post Init: [authorization]
2025-12-05 16:42:01,478 [server.py:_initialize_component()] - Performing Component Post Init: [machine]
2025-12-05 16:42:01,483 [machine.py:validation_init()] - Installation version in database up to date
2025-12-05 16:42:02,149 [machine.py:check_virt_status()] - No Virtualization Detected
2025-12-05 16:42:02,164 [machine.py:_find_public_ip()] - Detected Local IP: 10.10.0.182
2025-12-05 16:42:02,165 [webcam.py:_set_default_host_ip()] - Default public webcam address set: http://10.10.0.182
2025-12-05 16:42:02,255 [server.py:add_log_rollover_item()] - 
Systemd unit moonraker.service:
unit_name: moonraker.service
is_default: True
manager: systemd
Properties:
**Requires=['network-online.target', 'system.slice', '-.mount', 'sysinit.target']
**After=['-.mount', 'system.slice', 'network-online.target', 'basic.target', 'systemd-journald.socket', 'sysinit.target']
**SupplementaryGroups=['moonraker-admin']
**EnvironmentFiles=/home/mks/printer_data/systemd/moonraker.env
**ExecStart=/home/mks/moonraker-env/bin/python $MOONRAKER_ARGS
**WorkingDirectory=/home/mks/moonraker
**FragmentPath=/etc/systemd/system/moonraker.service
**Description=API Server for Klipper SV1
**User=mks
2025-12-05 16:42:02,255 [server.py:_initialize_component()] - Performing Component Post Init: [proc_stats]
2025-12-05 16:42:02,256 [server.py:_initialize_component()] - Performing Component Post Init: [history]
2025-12-05 16:42:02,267 [server.py:_initialize_component()] - Performing Component Post Init: [announcements]
2025-12-05 16:42:02,284 [server.py:_initialize_component()] - Performing Component Post Init: [webcam]
2025-12-05 16:42:02,284 [webcam.py:_set_default_host_ip()] - Default public webcam address set: http://10.10.0.182
2025-12-05 16:42:02,290 [server.py:_initialize_component()] - Performing Component Post Init: [klippy_connection]
2025-12-05 16:42:02,290 [server.py:add_log_rollover_item()] - 
Systemd unit klipper.service:
unit_name: klipper.service
is_default: True
manager: systemd
Properties:
**Requires=['sysinit.target', 'system.slice', '-.mount']
**After=['system.slice', '-.mount', 'systemd-journald.socket', 'klipper-mcu.service', 'basic.target', 'sysinit.target', 'network-online.target']
**SupplementaryGroups=[]
**EnvironmentFiles=/home/mks/printer_data/systemd/klipper.env
**ExecStart=/home/mks/klippy-env/bin/python $KLIPPER_ARGS
**WorkingDirectory=/home/mks/klipper
**FragmentPath=/etc/systemd/system/klipper.service
**Description=Klipper 3D Printer Firmware SV1
**User=mks
2025-12-05 16:42:02,290 [server.py:_initialize_component()] - Performing Component Post Init: [update_manager]
2025-12-05 16:42:02,291 [server.py:_initialize_component()] - Performing Component Post Init: [spoolman]
2025-12-05 16:42:02,301 [spoolman.py:_connect_websocket()] - Connecting To Spoolman: ws://10.10.0.185:7912/api/v1/spool
2025-12-05 16:42:02,334 [server.py:add_log_rollover_item()] - Connected to Spoolman Spool Manager
2025-12-05 16:42:02,377 [spoolman.py:_check_spool_deleted()] - Found Spool ID 1 on spoolman instance
2025-12-05 16:42:02,737 [base_deploy.py:log_info()] - PackageDeploy: PackageKit Provider Configured
2025-12-05 16:42:02,740 [git_deploy.py:log_repo_info()] - Git Repo moonraker Detected:
Owner: Arksine
Repository Name: moonraker
Path: /home/mks/moonraker
Remote: origin
Branch: master
Remote URL: https://github.com/Arksine/moonraker.git
Recovery URL: https://github.com/Arksine/moonraker.git
Current Commit SHA: 058517b5b443f1c8454ca58810568b93e39ef867
Upstream Commit SHA: 058517b5b443f1c8454ca58810568b93e39ef867
Current Version: v0.9.3-129-g058517b5
Upstream Version: v0.9.3-129-g058517b5
Rollback Commit: 960e933837413b4b365074580aeb14d04437204e
Rollback Branch: master
Rollback Version: v0.9.3-128-g960e9338
Is Dirty: False
Is Detached: False
Is Shallow: False
Commits Behind Count: 0
Diverged: False
Pinned Commit: None
Repo Warnings:
  Repo has untracked source files: ['moonraker/components/timelapse.py']
2025-12-05 16:42:02,743 [git_deploy.py:log_repo_info()] - Git Repo klipper Detected:
Owner: Klipper3d
Repository Name: klipper
Path: /home/mks/klipper
Remote: origin
Branch: master
Remote URL: https://github.com/Klipper3d/klipper
Recovery URL: https://github.com/Klipper3d/klipper
Current Commit SHA: 2e5802370c1ab944373814f96f9d35a3db9d3143
Upstream Commit SHA: 2e5802370c1ab944373814f96f9d35a3db9d3143
Current Version: v0.13.0-419-g2e580237
Upstream Version: v0.13.0-419-g2e580237
Rollback Commit: b4c7cf4a3365a7bdc05b1ac146f8f48b5666ce8d
Rollback Branch: master
Rollback Version: v0.13.0-403-gb4c7cf4a
Is Dirty: False
Is Detached: False
Is Shallow: False
Commits Behind Count: 0
Diverged: False
Pinned Commit: None
Repo Warnings:
  Repo has untracked source files: ['klippy/extras/gcode_shell_command.py']
2025-12-05 16:42:02,747 [git_deploy.py:log_repo_info()] - Git Repo fluidd-config Detected:
Owner: fluidd-core
Repository Name: fluidd-config
Path: /home/mks/fluidd-config
Remote: origin
Branch: master
Remote URL: https://github.com/fluidd-core/fluidd-config.git
Recovery URL: https://github.com/fluidd-core/fluidd-config.git
Current Commit SHA: 807175d72e3a00cdc6b5e249444a4630e1e03a55
Upstream Commit SHA: 807175d72e3a00cdc6b5e249444a4630e1e03a55
Current Version: v1.2.1-0-g807175d7
Upstream Version: v1.2.1-0-g807175d7
Rollback Commit: d44ec292b776131f892ab1650eaab89e14d2199f
Rollback Branch: master
Rollback Version: v1.1.0-0-gd44ec292
Is Dirty: False
Is Detached: False
Is Shallow: False
Commits Behind Count: 0
Diverged: False
Pinned Commit: None
2025-12-05 16:42:02,757 [base_deploy.py:log_info()] - Web Client fluidd: Detected
Repo: fluidd-core/fluidd
Channel: stable
Path: /home/mks/fluidd
Local Version: v1.35.1
Remote Version: v1.35.1
Valid: True
Fallback Detected: False
Pre-release: False
Download Url: https://github.com/fluidd-core/fluidd/releases/download/v1.35.1/fluidd.zip
Download Size: 4525035
Content Type: application/zip
Rollback Version: v1.35.0
Rollback Repo: fluidd-core/fluidd
2025-12-05 16:42:02,768 [base_deploy.py:log_info()] - Web Client mainsail: Detected
Repo: mainsail-crew/mainsail
Channel: stable
Path: /home/mks/mainsail
Local Version: v2.15.0
Remote Version: v2.15.0
Valid: True
Fallback Detected: False
Pre-release: False
Download Url: https://github.com/mainsail-crew/mainsail/releases/download/v2.15.0/mainsail.zip
Download Size: 2992437
Content Type: application/zip
Rollback Version: v2.14.0
Rollback Repo: mainsail-crew/mainsail
2025-12-05 16:42:02,772 [git_deploy.py:log_repo_info()] - Git Repo Klipper-Adaptive-Meshing-Purging Detected:
Owner: kyleisah
Repository Name: Klipper-Adaptive-Meshing-Purging
Path: /home/mks/Klipper-Adaptive-Meshing-Purging
Remote: origin
Branch: main
Remote URL: https://github.com/kyleisah/Klipper-Adaptive-Meshing-Purging.git
Recovery URL: https://github.com/kyleisah/Klipper-Adaptive-Meshing-Purging.git
Current Commit SHA: b0dad8ec9ee31cb644b94e39d4b8a8fb9d6c9ba0
Upstream Commit SHA: b0dad8ec9ee31cb644b94e39d4b8a8fb9d6c9ba0
Current Version: v1.1.2-13-gb0dad8ec
Upstream Version: v1.1.2-13-gb0dad8ec
Rollback Commit: 3eca87b784895ec7d8679f5dae56f1ffa975552b
Rollback Branch: main
Rollback Version: v1.1.2-7-g3eca87b7
Is Dirty: False
Is Detached: False
Is Shallow: False
Commits Behind Count: 0
Diverged: False
Pinned Commit: None
2025-12-05 16:42:02,776 [git_deploy.py:log_repo_info()] - Git Repo OpenNept4une Detected:
Owner: OpenNeptune3D
Repository Name: OpenNept4une
Path: /home/mks/OpenNept4une
Remote: origin
Branch: main
Remote URL: https://github.com/OpenNeptune3D/OpenNept4une.git
Recovery URL: https://github.com/OpenNeptune3D/OpenNept4une.git
Current Commit SHA: c8100e178bba60b50037fdce53a1cd4aa2cf2c51
Upstream Commit SHA: c8100e178bba60b50037fdce53a1cd4aa2cf2c51
Current Version: v0.1.7-1-gc8100e17
Upstream Version: v0.1.7-1-gc8100e17
Rollback Commit: 3e30f4bd172c2d08cce28b37e61fcedf391ac477
Rollback Branch: main
Rollback Version: v0.1.6-4-g3e30f4bd
Is Dirty: False
Is Detached: False
Is Shallow: False
Commits Behind Count: 0
Diverged: False
Pinned Commit: None
2025-12-05 16:42:02,779 [base_deploy.py:log_info()] - Git Repo display: Pip Version: 25.2, Python Version: 3.11
Last checked on 2025-12-04 13:57:40.534050+00:00
2025-12-05 16:42:02,781 [git_deploy.py:log_repo_info()] - Git Repo display Detected:
Owner: OpenNeptune3D
Repository Name: display_connector
Path: /home/mks/display_connector
Remote: origin
Branch: main
Remote URL: https://github.com/OpenNeptune3D/display_connector.git
Recovery URL: https://github.com/OpenNeptune3D/display_connector.git
Current Commit SHA: df515e521588270f3f490039b082583acbc08c72
Upstream Commit SHA: df515e521588270f3f490039b082583acbc08c72
Current Version: v0.0.0-145-gdf515e52-inferred
Upstream Version: v0.0.0-145-inferred
Rollback Commit: bc45979c080a7510289c07455a872cdf9b0e5846
Rollback Branch: main
Rollback Version: v0.0.0-140-gbc45979c-inferred
Is Dirty: False
Is Detached: False
Is Shallow: False
Commits Behind Count: 0
Diverged: False
Pinned Commit: None
2025-12-05 16:42:02,785 [git_deploy.py:log_repo_info()] - Git Repo klipper-backup Detected:
Owner: Staubgeborener
Repository Name: klipper-backup
Path: /home/mks/klipper-backup
Remote: origin
Branch: main
Remote URL: https://github.com/Staubgeborener/klipper-backup.git
Recovery URL: https://github.com/Staubgeborener/klipper-backup.git
Current Commit SHA: e672f81e3023e4c3271beb960d332f035910f3cc
Upstream Commit SHA: e672f81e3023e4c3271beb960d332f035910f3cc
Current Version: v1.3.5-3-ge672f81e
Upstream Version: v1.3.5-3-ge672f81e
Rollback Commit: e672f81e3023e4c3271beb960d332f035910f3cc
Rollback Branch: main
Rollback Version: v1.3.5-3-ge672f81e
Is Dirty: False
Is Detached: False
Is Shallow: False
Commits Behind Count: 0
Diverged: False
Pinned Commit: None
2025-12-05 16:42:02,786 [base_deploy.py:log_info()] - PackageKit: Next refresh in: 6 Days, 18 Hours, 54 Minutes, 42 Seconds
2025-12-05 16:42:02,786 [base_deploy.py:log_info()] - Git Repo moonraker: Next refresh in: 6 Days, 18 Hours, 54 Minutes, 43 Seconds
2025-12-05 16:42:02,786 [base_deploy.py:log_info()] - Git Repo klipper: Next refresh in: 6 Days, 18 Hours, 54 Minutes, 44 Seconds
2025-12-05 16:42:02,787 [base_deploy.py:log_info()] - Git Repo fluidd-config: Next refresh in: 6 Days, 18 Hours, 54 Minutes, 45 Seconds
2025-12-05 16:42:02,787 [base_deploy.py:log_info()] - Web Client fluidd: Next refresh in: 6 Days, 18 Hours, 54 Minutes, 45 Seconds
2025-12-05 16:42:02,787 [base_deploy.py:log_info()] - Web Client mainsail: Next refresh in: 6 Days, 18 Hours, 54 Minutes, 45 Seconds
2025-12-05 16:42:02,787 [base_deploy.py:log_info()] - Git Repo Klipper-Adaptive-Meshing-Purging: Next refresh in: 6 Days, 18 Hours, 54 Minutes, 46 Seconds
2025-12-05 16:42:02,788 [base_deploy.py:log_info()] - Git Repo OpenNept4une: Next refresh in: 6 Days, 18 Hours, 54 Minutes, 47 Seconds
2025-12-05 16:42:02,788 [base_deploy.py:log_info()] - Git Repo display: Next refresh in: 6 Days, 18 Hours, 54 Minutes, 48 Seconds
2025-12-05 16:42:02,788 [base_deploy.py:log_info()] - Git Repo klipper-backup: Next refresh in: 6 Days, 23 Hours, 24 Minutes, 59 Seconds
2025-12-05 16:42:02,809 [confighelper.py:create_backup()] - Backing up last working configuration to '/home/mks/printer_data/config/.moonraker.conf.bkp'
2025-12-05 16:42:02,817 [extensions.py:start_unix_server()] - Creating Unix Domain Socket at '/home/mks/printer_data/comms/moonraker.sock'
2025-12-05 16:42:02,819 [server.py:start_server()] - Starting Moonraker on (0.0.0.0, 7125), Hostname: znp-k1
2025-12-05 16:42:02,821 [application.py:listen()] - SSL Certificate/Key not configured, aborting HTTPS Server startup
2025-12-05 16:42:03,074 [klippy_connection.py:_do_connect()] - Klippy Connection Established
2025-12-05 16:42:03,183 [server.py:add_log_rollover_item()] - 
Systemd unit klipper.service:
unit_name: klipper.service
is_default: True
manager: systemd
Properties:
**Requires=['sysinit.target', 'system.slice', '-.mount']
**After=['basic.target', 'sysinit.target', 'network-online.target', 'systemd-journald.socket', 'klipper-mcu.service', '-.mount', 'system.slice']
**SupplementaryGroups=[]
**EnvironmentFiles=/home/mks/printer_data/systemd/klipper.env
**ExecStart=/home/mks/klippy-env/bin/python $KLIPPER_ARGS
**WorkingDirectory=/home/mks/klipper
**FragmentPath=/etc/systemd/system/klipper.service
**Description=Klipper 3D Printer Firmware SV1
**User=mks
2025-12-05 16:42:03,438 [server.py:add_log_rollover_item()] - Klipper Version: v0.13.0-419-g2e5802370-dirty
2025-12-05 16:42:04,292 [klippy_connection.py:_request_initial_subscriptions()] - Webhooks Subscribed
2025-12-05 16:42:04,295 [klippy_connection.py:_request_initial_subscriptions()] - GCode Output Subscribed
2025-12-05 16:42:04,543 [job_state.py:_handle_started()] - Job state initialized: standby
2025-12-05 16:42:04,811 [klippy_connection.py:_check_ready()] - Klippy ready
2025-12-05 16:42:05,295 [data_store.py:_init_sensors()] - Configuring available sensors: ['heater_bed', 'extruder']
2025-12-05 16:42:11,392 [extensions.py:__init__()] - Unix Socket Opened - Client ID: 281473076600592, Process ID: 2126, User ID: 1002,  Group ID: 1002
2025-12-05 16:42:11,415 [websockets.py:_handle_identify()] - Websocket 281473076600592 Client Identified - Name: OpenNept4une Display Connector, Version: 0.0.1, Type: other
2025-12-05 16:42:13,285 [authorization.py:_check_trusted_connection()] - Trusted Connection Detected, IP: 10.10.0.75
2025-12-05 16:42:13,352 [application.py:log_request()] - 101 GET /websocket?token=7AW2OEEX5UUCTNWUO6SH47BN5DL4IIWD (10.10.0.75) [_TRUSTED_USER_] 3.12ms
2025-12-05 16:42:13,354 [websockets.py:open()] - Websocket Opened: ID: 281473086745040, Proxied: False, User Agent: Mozilla/5.0 (Windows NT 10.0; Win64; x64) AppleWebKit/537.36 (KHTML, like Gecko) Chrome/143.0.0.0 Safari/537.36, Host Name: 10.10.0.182
2025-12-05 16:42:13,369 [websockets.py:_handle_identify()] - Websocket 281473086745040 Client Identified - Name: fluidd, Version: 1.35.1-238dba1, Type: web
2025-12-05 16:42:13,372 [file_manager.py:get_file_list()] - Updating File List <config>...
2025-12-05 16:42:21,631 [authorization.py:_check_trusted_connection()] - Trusted Connection Detected, IP: 10.10.0.100
2025-12-05 16:42:21,634 [application.py:log_request()] - 101 GET /websocket (10.10.0.100) [_TRUSTED_USER_] 3.82ms
2025-12-05 16:42:21,634 [websockets.py:open()] - Websocket Opened: ID: 281473095880208, Proxied: False, User Agent: HomeAssistant/2025.12.0 aiohttp/3.13.2 Python/3.13, Host Name: 10.10.0.182
2025-12-05 16:43:06,692 [klippy_connection.py:_process_status_update()] - Klippy has shutdown
2025-12-05 16:43:06,698 [proc_stats.py:_handle_shutdown()] - 
Moonraker System Usage Statistics:
System Time: 1764949357.298462, Usage: 6.43%, Memory: 50376 kB
System Time: 1764949358.300351, Usage: 1.81%, Memory: 50376 kB
System Time: 1764949359.309406, Usage: 2.23%, Memory: 50376 kB
System Time: 1764949360.306647, Usage: 3.68%, Memory: 50376 kB
System Time: 1764949361.307978, Usage: 4.83%, Memory: 50376 kB
System Time: 1764949362.304374, Usage: 4.04%, Memory: 50376 kB
System Time: 1764949363.305310, Usage: 2.7%, Memory: 50380 kB
System Time: 1764949364.307471, Usage: 1.67%, Memory: 50380 kB
System Time: 1764949365.308550, Usage: 1.72%, Memory: 50380 kB
System Time: 1764949366.317318, Usage: 1.81%, Memory: 50380 kB
System Time: 1764949367.314798, Usage: 3.89%, Memory: 50380 kB
System Time: 1764949368.311587, Usage: 3.77%, Memory: 50380 kB
System Time: 1764949369.313777, Usage: 1.71%, Memory: 50380 kB
System Time: 1764949370.315541, Usage: 5.12%, Memory: 50380 kB
System Time: 1764949371.317399, Usage: 1.79%, Memory: 50380 kB
System Time: 1764949372.318326, Usage: 3.83%, Memory: 50380 kB
System Time: 1764949373.319096, Usage: 2.22%, Memory: 50380 kB
System Time: 1764949374.320926, Usage: 2.34%, Memory: 50380 kB
System Time: 1764949375.322907, Usage: 1.91%, Memory: 50380 kB
System Time: 1764949376.327528, Usage: 2.37%, Memory: 50380 kB
System Time: 1764949377.324632, Usage: 2.49%, Memory: 50380 kB
System Time: 1764949378.325393, Usage: 2.82%, Memory: 50380 kB
System Time: 1764949379.326815, Usage: 1.86%, Memory: 50380 kB
System Time: 1764949380.329867, Usage: 2.71%, Memory: 50380 kB
System Time: 1764949381.328838, Usage: 3.03%, Memory: 50380 kB
System Time: 1764949382.329512, Usage: 2.19%, Memory: 50380 kB
System Time: 1764949383.331065, Usage: 2.43%, Memory: 50380 kB
System Time: 1764949384.331954, Usage: 1.78%, Memory: 50380 kB
System Time: 1764949385.334936, Usage: 1.76%, Memory: 50380 kB
System Time: 1764949386.334220, Usage: 1.92%, Memory: 50380 kB
CPU Temperature: 54.166
2025-12-05 16:43:58,205 [klippy_connection.py:wait()] - Request 'gcode/script' pending: 60.00 seconds
2025-12-05 16:44:28,266 [common.py:build_error()] - JSON-RPC Request Error - Requested Method: printer.gcode.script, Code: 400, Message: Lost communication with MCU 'mcu'
Once the underlying issue is corrected, use the
"FIRMWARE_RESTART" command to reset the firmware, reload the
config, and restart the host software.
Printer is shutdown

